[debug] [2021-01-12T06:05:26.709Z] ----------------------------------------------------------------------
[debug] [2021-01-12T06:05:26.711Z] Command:       /usr/local/bin/node /usr/local/bin/firebase init
[debug] [2021-01-12T06:05:26.711Z] CLI Version:   9.0.1
[debug] [2021-01-12T06:05:26.711Z] Platform:      darwin
[debug] [2021-01-12T06:05:26.712Z] Node Version:  v12.19.0
[debug] [2021-01-12T06:05:26.712Z] Time:          Mon Jan 11 2021 22:05:26 GMT-0800 (Pacific Standard Time)
[debug] [2021-01-12T06:05:26.713Z] ----------------------------------------------------------------------
[debug] [2021-01-12T06:05:26.713Z] 
[debug] [2021-01-12T06:05:26.718Z] > command requires scopes: ["email","openid","https://www.googleapis.com/auth/cloudplatformprojects.readonly","https://www.googleapis.com/auth/firebase","https://www.googleapis.com/auth/cloud-platform"]
[debug] [2021-01-12T06:05:26.719Z] > authorizing via signed-in user
[info] 
     ######## #### ########  ######## ########     ###     ######  ########
     ##        ##  ##     ## ##       ##     ##  ##   ##  ##       ##
     ######    ##  ########  ######   ########  #########  ######  ######
     ##        ##  ##    ##  ##       ##     ## ##     ##       ## ##
     ##       #### ##     ## ######## ########  ##     ##  ######  ########

You're about to initialize a Firebase project in this directory:

  /Users/ultrasounder/Developer/stocktweets

[info] 
=== Project Setup
[info] 
[info] First, let's associate this project directory with a Firebase project.
[info] You can create multiple project aliases by running firebase use --add, 
[info] but for now we'll just set up a default project.
[info] 
[debug] [2021-01-12T06:05:49.228Z] >>> HTTP REQUEST GET https://firebase.googleapis.com/v1beta1/projects?pageSize=100  
 
[debug] [2021-01-12T06:05:49.534Z] <<< HTTP RESPONSE 200 {"content-type":"application/json; charset=UTF-8","vary":"X-Origin, Referer, Origin,Accept-Encoding","date":"Tue, 12 Jan 2021 06:05:49 GMT","server":"ESF","cache-control":"private","x-xss-protection":"0","x-frame-options":"SAMEORIGIN","x-content-type-options":"nosniff","alt-svc":"h3-29=\":443\"; ma=2592000,h3-T051=\":443\"; ma=2592000,h3-Q050=\":443\"; ma=2592000,h3-Q046=\":443\"; ma=2592000,h3-Q043=\":443\"; ma=2592000,quic=\":443\"; ma=2592000; v=\"46,43\"","accept-ranges":"none","transfer-encoding":"chunked"}
[info] i  Using project stocktweets-b7cd3 (stocktweets) 
[info] 
=== Database Setup
[info] i  database: ensuring required API firebasedatabase.googleapis.com is enabled... 
[debug] [2021-01-12T06:05:54.596Z] >>> HTTP REQUEST GET https://serviceusage.googleapis.com/v1/projects/stocktweets-b7cd3/services/firebasedatabase.googleapis.com  
 
[debug] [2021-01-12T06:05:55.088Z] <<< HTTP RESPONSE 200 {"content-type":"application/json; charset=UTF-8","vary":"X-Origin, Referer, Origin,Accept-Encoding","date":"Tue, 12 Jan 2021 06:05:55 GMT","server":"ESF","cache-control":"private","x-xss-protection":"0","x-frame-options":"SAMEORIGIN","x-content-type-options":"nosniff","alt-svc":"h3-29=\":443\"; ma=2592000,h3-T051=\":443\"; ma=2592000,h3-Q050=\":443\"; ma=2592000,h3-Q046=\":443\"; ma=2592000,h3-Q043=\":443\"; ma=2592000,quic=\":443\"; ma=2592000; v=\"46,43\"","accept-ranges":"none","transfer-encoding":"chunked"}
[info] ✔  database: required API firebasedatabase.googleapis.com is enabled 
[info] 
[debug] [2021-01-12T06:05:55.091Z] >>> HTTP REQUEST GET https://firebase.googleapis.com/v1beta1/projects/stocktweets-b7cd3  
 
[debug] [2021-01-12T06:05:55.293Z] <<< HTTP RESPONSE 200 {"content-type":"application/json; charset=UTF-8","vary":"X-Origin, Referer, Origin,Accept-Encoding","date":"Tue, 12 Jan 2021 06:05:55 GMT","server":"ESF","cache-control":"private","x-xss-protection":"0","x-frame-options":"SAMEORIGIN","x-content-type-options":"nosniff","alt-svc":"h3-29=\":443\"; ma=2592000,h3-T051=\":443\"; ma=2592000,h3-Q050=\":443\"; ma=2592000,h3-Q046=\":443\"; ma=2592000,h3-Q043=\":443\"; ma=2592000,quic=\":443\"; ma=2592000; v=\"46,43\"","accept-ranges":"none","transfer-encoding":"chunked"}
[info] 
[info] Firebase Realtime Database Security Rules allow you to define how your data should be
[info] structured and when your data can be read from and written to.
[info] 
[info] ✔  Default rules have been written to database.rules.json. 
[info] Future modifications to database.rules.json will update Realtime Database Security Rules when you run
[info] firebase deploy.
[info] 
=== Hosting Setup
[info] 
[info] Your public directory is the folder (relative to your project directory) that
[info] will contain Hosting assets to be uploaded with firebase deploy. If you
[info] have a build process for your assets, use your build's output directory.
[info] 
[info] ✔  Wrote build/404.html 
[debug] [2021-01-12T06:07:09.683Z] >>> [apiv2][query] GET https://www.gstatic.com/firebasejs/releases.json [none]
[debug] [2021-01-12T06:07:09.966Z] <<< [apiv2][status] GET https://www.gstatic.com/firebasejs/releases.json 200
[debug] [2021-01-12T06:07:09.967Z] <<< [apiv2][body] GET https://www.gstatic.com/firebasejs/releases.json {"current":{"version":"8.2.2","browserURL":"https://www.gstatic.com/firebasejs/8.2.2/firebase.js","packageURL":"https://www.gstatic.com/firebasejs/8.2.2/firebase.tgz"},"live":{"version":"8.2","browserURL":"https://www.gstatic.com/firebasejs/live/8.2/firebase.js","packageURL":"https://www.gstatic.com/firebasejs/live/8.2/firebase.tgz"},"components":{"analytics":"https://www.gstatic.com/firebasejs/8.2.2/firebase-analytics.js","app":"https://www.gstatic.com/firebasejs/8.2.2/firebase-app.js","auth":"https://www.gstatic.com/firebasejs/8.2.2/firebase-auth.js","database":"https://www.gstatic.com/firebasejs/8.2.2/firebase-database.js","firestore":"https://www.gstatic.com/firebasejs/8.2.2/firebase-firestore.js","functions":"https://www.gstatic.com/firebasejs/8.2.2/firebase-functions.js","installations":"https://www.gstatic.com/firebasejs/8.2.2/firebase-installations.js","messaging":"https://www.gstatic.com/firebasejs/8.2.2/firebase-messaging.js","storage":"https://www.gstatic.com/firebasejs/8.2.2/firebase-storage.js","performance":"https://www.gstatic.com/firebasejs/8.2.2/firebase-performance.js","remote-config":"https://www.gstatic.com/firebasejs/8.2.2/firebase-remote-config.js","firestore.memory":"https://www.gstatic.com/firebasejs/8.2.2/firebase-firestore.memory.js"}}
[info] i  Skipping write of build/index.html 
[info] 
[info] i  Detected a .git folder at /Users/ultrasounder/Developer/stocktweets 
[info] i  Authorizing with GitHub to upload your service account to a GitHub repository's secrets store. 
[info] 
[info] Visit this URL on this device to log in:
[info] https://github.com/login/oauth/authorize?client_id=89cf50f02ac6aaed3484&state=413298294&redirect_uri=http%3A%2F%2Flocalhost%3A9005&scope=read%3Auser%20repo%20public_repo
[info] 
[info] Waiting for authentication...
[debug] [2021-01-12T06:07:16.852Z] >>> HTTP REQUEST POST https://github.com/login/oauth/access_token  
 {"client_id":"89cf50f02ac6aaed3484","client_secret":"3330d14abc895d9a74d5f17cd7a00711fa2c5bf0","code":"4890f44e9e4eb6807bd4","redirect_uri":"http://localhost:9005","state":"413298294"}
[debug] [2021-01-12T06:07:17.304Z] <<< HTTP RESPONSE 200 {"date":"Tue, 12 Jan 2021 06:07:17 GMT","content-type":"application/json; charset=utf-8","transfer-encoding":"chunked","server":"GitHub.com","status":"200 OK","vary":"X-PJAX, Accept-Encoding, Accept, X-Requested-With, Accept-Encoding","etag":"W/\"978d3e970a900cb2f865981509ba38c6\"","cache-control":"max-age=0, private, must-revalidate","strict-transport-security":"max-age=31536000; includeSubdomains; preload","x-frame-options":"deny","x-content-type-options":"nosniff","x-xss-protection":"1; mode=block","referrer-policy":"origin-when-cross-origin, strict-origin-when-cross-origin","expect-ct":"max-age=2592000, report-uri=\"https://api.github.com/_private/browser/errors\"","content-security-policy":"default-src 'none'; base-uri 'self'; block-all-mixed-content; connect-src 'self' uploads.github.com www.githubstatus.com collector.githubapp.com api.github.com github-cloud.s3.amazonaws.com github-production-repository-file-5c1aeb.s3.amazonaws.com github-production-upload-manifest-file-7fdce7.s3.amazonaws.com github-production-user-asset-6210df.s3.amazonaws.com cdn.optimizely.com logx.optimizely.com/v1/events wss://alive.github.com; font-src github.githubassets.com; form-action 'self' github.com gist.github.com; frame-ancestors 'none'; frame-src render.githubusercontent.com; img-src 'self' data: github.githubassets.com identicons.github.com collector.githubapp.com github-cloud.s3.amazonaws.com *.githubusercontent.com; manifest-src 'self'; media-src 'none'; script-src github.githubassets.com; style-src 'unsafe-inline' github.githubassets.com; worker-src github.com/socket-worker-5029ae85.js gist.github.com/socket-worker-5029ae85.js","x-github-request-id":"E9F1:3416:7861E:AB546:5FFD3C95"}
[debug] [2021-01-12T06:07:17.305Z] >>> [apiv2][query] GET https://api.github.com/user [none]
[debug] [2021-01-12T06:07:17.624Z] <<< [apiv2][status] GET https://api.github.com/user 200
[debug] [2021-01-12T06:07:17.624Z] <<< [apiv2][body] GET https://api.github.com/user {"login":"ultrasounder","id":56858473,"node_id":"MDQ6VXNlcjU2ODU4NDcz","avatar_url":"https://avatars2.githubusercontent.com/u/56858473?v=4","gravatar_id":"","url":"https://api.github.com/users/ultrasounder","html_url":"https://github.com/ultrasounder","followers_url":"https://api.github.com/users/ultrasounder/followers","following_url":"https://api.github.com/users/ultrasounder/following{/other_user}","gists_url":"https://api.github.com/users/ultrasounder/gists{/gist_id}","starred_url":"https://api.github.com/users/ultrasounder/starred{/owner}{/repo}","subscriptions_url":"https://api.github.com/users/ultrasounder/subscriptions","organizations_url":"https://api.github.com/users/ultrasounder/orgs","repos_url":"https://api.github.com/users/ultrasounder/repos","events_url":"https://api.github.com/users/ultrasounder/events{/privacy}","received_events_url":"https://api.github.com/users/ultrasounder/received_events","type":"User","site_admin":false,"name":null,"company":"Zip2Info","blog":"pelothon.me","location":"Palo Alto","email":"vsap78@gmail.com","hireable":null,"bio":" Trying to live #Unscripted\r\nCodes in Swift(UIKit/SwiftUI) and Firebase for iOS and Rails/Vanilla HTML/Vanilla CSS/Vanilla JS for the web.","twitter_username":"ananthsounder","public_repos":16,"public_gists":1,"followers":9,"following":12,"created_at":"2019-10-22T04:10:21Z","updated_at":"2021-01-12T05:51:32Z","private_gists":0,"total_private_repos":4,"owned_private_repos":4,"disk_usage":6315,"collaborators":0,"two_factor_authentication":false,"plan":{"name":"pro","space":976562499,"collaborators":0,"private_repos":9999}}
[info] 
[info] ✔  Success! Logged into GitHub as ultrasounder 
[info] 
[debug] [2021-01-12T06:07:36.410Z] >>> [apiv2][query] GET https://api.github.com/repos/ultrasounder/stocktweets/actions/secrets/public-key type=owner
[debug] [2021-01-12T06:07:36.669Z] <<< [apiv2][status] GET https://api.github.com/repos/ultrasounder/stocktweets/actions/secrets/public-key 404
[debug] [2021-01-12T06:07:36.669Z] <<< [apiv2][body] GET https://api.github.com/repos/ultrasounder/stocktweets/actions/secrets/public-key {"message":"Not Found","documentation_url":"https://docs.github.com/rest/reference/actions#get-a-repository-public-key"}
